
ROM used: 74 (1%)
          74 (1%) including unused fragments

          0 Average locations per line
          6 Average locations per statement

RAM used: 9 (2%) at main() level
          9 (2%) worst case

Stack used: 0 worst case (out of 8 total available)

Lines Stmts  %   Files
----- ----- ---  -----
   34    12 100  cehars.c
  282     0   0  ..\..\..\..\..\..\..\Program Files (x86)\PICC\devices\16F877.h
----- -----
  316    12 Total

Page ROM  %  RAM   Vol Diff  Functions:
---- --- --- ---   --- ----  ----------
0     70  95   1   290  4.2  main

Program metrics:
    Functions               1
    Statements              12
    Comments                72
    Volume (V)              290
    Difficilty (D)          4.2
    Effort to implement (E) 1206
    Time to implement (T)   1 minutes
    Est Delivered Bugs (B)  0
    Cyclomatic Complexity   1
    Maintainability (MI)    128

 Segment     Used  Free
-----------  ----  ----
00000-00003     4  0  
00004-007FF    70  1974  
00800-00FFF     0  2048  
01000-017FF     0  2048  
01800-01FFF     0  2048  



